0 info it worked if it ends with ok
1 verbose cli [ '/usr/local/bin/node',
1 verbose cli   '/usr/local/bin/npm',
1 verbose cli   'build',
1 verbose cli   'reactbuild' ]
2 info using npm@2.7.4
3 info using node@v0.12.2
4 verbose node symlink /usr/local/bin/node
5 info build /Users/BakerStreetBakery/Documents/codeForAmerica/San-Francisco-in-Progress/reactbuild
6 verbose stack Error: ENOENT, open '/Users/BakerStreetBakery/Documents/codeForAmerica/San-Francisco-in-Progress/reactbuild/package.json'
6 verbose stack     at Error (native)
7 verbose cwd /Users/BakerStreetBakery/Documents/codeForAmerica/San-Francisco-in-Progress
8 error Darwin 13.4.0
9 error argv "/usr/local/bin/node" "/usr/local/bin/npm" "build" "reactbuild"
10 error node v0.12.2
11 error npm  v2.7.4
12 error path /Users/BakerStreetBakery/Documents/codeForAmerica/San-Francisco-in-Progress/reactbuild/package.json
13 error code ENOENT
14 error errno -2
15 error enoent ENOENT, open '/Users/BakerStreetBakery/Documents/codeForAmerica/San-Francisco-in-Progress/reactbuild/package.json'
15 error enoent This is most likely not a problem with npm itself
15 error enoent and is related to npm not being able to find a file.
16 verbose exit [ -2, true ]
