
heart_beat_kill_pid = 4418
heart_beat_timeout = 11
heart: Fri Mar 27 22:04:28 2015: heart-beat time-out, no activity for 4205 seconds
/usr/local/Cellar/couchdb/1.6.1_1/bin/couchdb: line 343: echo: write error: Broken pipe
heart: Fri Mar 27 22:04:31 2015: Executed "/usr/local/Cellar/couchdb/1.6.1_1/bin/couchdb -k" -> 256. Terminating.

heart_beat_kill_pid = 5739
heart_beat_timeout = 11
heart: Sun Mar 29 00:32:22 2015: heart-beat time-out, no activity for 4202 seconds
/usr/local/Cellar/couchdb/1.6.1_1/bin/couchdb: line 343: echo: write error: Broken pipe
heart: Sun Mar 29 00:32:25 2015: Executed "/usr/local/Cellar/couchdb/1.6.1_1/bin/couchdb -k" -> 256. Terminating.

heart_beat_kill_pid = 8090
heart_beat_timeout = 11
heart: Sun Mar 29 11:40:13 2015: heart-beat time-out, no activity for 3622 seconds
/usr/local/Cellar/couchdb/1.6.1_1/bin/couchdb: line 343: echo: write error: Broken pipe
heart: Sun Mar 29 11:40:16 2015: Executed "/usr/local/Cellar/couchdb/1.6.1_1/bin/couchdb -k" -> 256. Terminating.

heart_beat_kill_pid = 10269
heart_beat_timeout = 11
heart: Sun Mar 29 13:41:13 2015: heart-beat time-out, no activity for 963 seconds
/usr/local/Cellar/couchdb/1.6.1_1/bin/couchdb: line 343: echo: write error: Broken pipe
heart: Sun Mar 29 13:41:16 2015: Executed "/usr/local/Cellar/couchdb/1.6.1_1/bin/couchdb -k" -> 256. Terminating.

heart_beat_kill_pid = 10463
heart_beat_timeout = 11
